{"uuid":"2a0bb257-a343-468f-b8fc-055f321c68fe","historyId":"4f765b91b5884ff69d558fe1e6d5cfbe","testCaseId":"d170c2f8dfdfc33febc22b7ea06b69fb","fullName":"src/test/resources/features/calculateTwoNumbersTest.feature:14","labels":[{"name":"host","value":"MAVBNG1121372"},{"name":"thread","value":"40972@MAVBNG1121372.main(1)"},{"name":"feature","value":"Two Numbers Calculation Test"},{"name":"story","value":"calculation using 2 numbers"},{"name":"suite","value":"Two Numbers Calculation Test"},{"name":"testClass","value":"calculation using 2 numbers"},{"name":"framework","value":"cucumber4jvm"},{"name":"language","value":"java"},{"name":"gherkin_uri","value":"file:///C:/Users/arunm/eclipse-workspace/MobileBrowserAppTesting/src/test/resources/features/calculateTwoNumbersTest.feature"},{"name":"package","value":"src.test.resources.features.calculateTwoNumbersTest_feature.Two Numbers Calculation Test"}],"links":[],"name":"calculation using 2 numbers","status":"broken","statusDetails":{"known":false,"muted":false,"flaky":false,"message":"no such element: Unable to locate element: {\"method\":\"css selector\",\"selector\":\"#com\\.google\\.android\\.calculator\\:id\\/digit_6\"}\n  (Session info: chrome=131.0.6778.81)\nFor documentation on this error, please visit: https://selenium.dev/exceptions/#no_such_element\nBuild info: version: '4.6.0', revision: '79f1c02ae20'\nSystem info: os.name: 'Windows 10', os.arch: 'amd64', os.version: '10.0', java.version: '18.0.2.1'\nDriver info: io.appium.java_client.android.AndroidDriver\nCommand: [b0eaab2a-76b3-4f79-8a61-9854d2d05502, findElement {using=css selector, value=#com\\.google\\.android\\.calculator\\:id\\/digit_6}]\nCapabilities {appium:appActivity: com.google.android.apps.chr..., appium:appPackage: com.android.chrome, appium:automationName: UIautomator2, appium:chromedriverExecutable: C:\\Users\\arunm\\Downloads\\ch..., appium:databaseEnabled: false, appium:desired: {automationName: UIautomator2, browserName: Chrome, chromedriverExecutable: C:\\Users\\arunm\\Downloads\\ch..., deviceName: emulator-5554, platformName: android}, appium:deviceApiLevel: 35, appium:deviceManufacturer: Google, appium:deviceModel: sdk_gphone64_x86_64, appium:deviceName: emulator-5554, appium:deviceScreenDensity: 420, appium:deviceScreenSize: 1080x2400, appium:deviceUDID: emulator-5554, appium:javascriptEnabled: true, appium:locationContextEnabled: false, appium:networkConnectionEnabled: true, appium:pixelRatio: 2.625, appium:platformVersion: 15, appium:statBarHeight: 63, appium:takesScreenshot: true, appium:viewportRect: {height: 2337, left: 0, top: 63, width: 1080}, appium:warnings: {}, appium:webStorageEnabled: false, browserName: Chrome, platformName: ANDROID}\nSession ID: b0eaab2a-76b3-4f79-8a61-9854d2d05502","trace":"org.openqa.selenium.NoSuchElementException: no such element: Unable to locate element: {\"method\":\"css selector\",\"selector\":\"#com\\.google\\.android\\.calculator\\:id\\/digit_6\"}\n  (Session info: chrome=131.0.6778.81)\nFor documentation on this error, please visit: https://selenium.dev/exceptions/#no_such_element\nBuild info: version: '4.6.0', revision: '79f1c02ae20'\nSystem info: os.name: 'Windows 10', os.arch: 'amd64', os.version: '10.0', java.version: '18.0.2.1'\nDriver info: io.appium.java_client.android.AndroidDriver\nCommand: [b0eaab2a-76b3-4f79-8a61-9854d2d05502, findElement {using=css selector, value=#com\\.google\\.android\\.calculator\\:id\\/digit_6}]\nCapabilities {appium:appActivity: com.google.android.apps.chr..., appium:appPackage: com.android.chrome, appium:automationName: UIautomator2, appium:chromedriverExecutable: C:\\Users\\arunm\\Downloads\\ch..., appium:databaseEnabled: false, appium:desired: {automationName: UIautomator2, browserName: Chrome, chromedriverExecutable: C:\\Users\\arunm\\Downloads\\ch..., deviceName: emulator-5554, platformName: android}, appium:deviceApiLevel: 35, appium:deviceManufacturer: Google, appium:deviceModel: sdk_gphone64_x86_64, appium:deviceName: emulator-5554, appium:deviceScreenDensity: 420, appium:deviceScreenSize: 1080x2400, appium:deviceUDID: emulator-5554, appium:javascriptEnabled: true, appium:locationContextEnabled: false, appium:networkConnectionEnabled: true, appium:pixelRatio: 2.625, appium:platformVersion: 15, appium:statBarHeight: 63, appium:takesScreenshot: true, appium:viewportRect: {height: 2337, left: 0, top: 63, width: 1080}, appium:warnings: {}, appium:webStorageEnabled: false, browserName: Chrome, platformName: ANDROID}\nSession ID: b0eaab2a-76b3-4f79-8a61-9854d2d05502\r\n\tat java.base/jdk.internal.reflect.DirectConstructorHandleAccessor.newInstance(DirectConstructorHandleAccessor.java:67)\r\n\tat java.base/java.lang.reflect.Constructor.newInstanceWithCaller(Constructor.java:499)\r\n\tat java.base/java.lang.reflect.Constructor.newInstance(Constructor.java:483)\r\n\tat org.openqa.selenium.remote.codec.w3c.W3CHttpResponseCodec.createException(W3CHttpResponseCodec.java:200)\r\n\tat org.openqa.selenium.remote.codec.w3c.W3CHttpResponseCodec.decode(W3CHttpResponseCodec.java:133)\r\n\tat org.openqa.selenium.remote.codec.w3c.W3CHttpResponseCodec.decode(W3CHttpResponseCodec.java:53)\r\n\tat org.openqa.selenium.remote.HttpCommandExecutor.execute(HttpCommandExecutor.java:184)\r\n\tat io.appium.java_client.remote.AppiumCommandExecutor.execute(AppiumCommandExecutor.java:262)\r\n\tat org.openqa.selenium.remote.RemoteWebDriver.execute(RemoteWebDriver.java:541)\r\n\tat org.openqa.selenium.remote.ElementLocation$ElementFinder$2.findElement(ElementLocation.java:162)\r\n\tat org.openqa.selenium.remote.ElementLocation.findElement(ElementLocation.java:60)\r\n\tat org.openqa.selenium.remote.RemoteWebDriver.findElement(RemoteWebDriver.java:365)\r\n\tat org.openqa.selenium.remote.RemoteWebDriver.findElement(RemoteWebDriver.java:357)\r\n\tat org.openqa.selenium.By$PreW3CLocator.findElement(By.java:429)\r\n\tat org.openqa.selenium.By$ById.findElement(By.java:181)\r\n\tat org.openqa.selenium.remote.ElementLocation$ElementFinder$1.findElement(ElementLocation.java:136)\r\n\tat org.openqa.selenium.remote.ElementLocation.findElement(ElementLocation.java:80)\r\n\tat org.openqa.selenium.remote.RemoteWebDriver.findElement(RemoteWebDriver.java:365)\r\n\tat org.openqa.selenium.remote.RemoteWebDriver.findElement(RemoteWebDriver.java:357)\r\n\tat com.amazon.pageObjects.HomePage.clickNumbersButton(HomePage.java:98)\r\n\tat com.amazon.stepDefinitions.CalculateTwoNumbersSteps.userSelectsNumberAndOperator(CalculateTwoNumbersSteps.java:41)\r\n\tat ✽.the user selects first number \"6\" and operator \"mul\" and second number \"2\"(file:///C:/Users/arunm/eclipse-workspace/MobileBrowserAppTesting/src/test/resources/features/calculateTwoNumbersTest.feature:6)\r\n"},"stage":"finished","steps":[{"name":"Given the user is on Calculator home page","status":"passed","statusDetails":{"known":false,"muted":false,"flaky":false},"stage":"finished","steps":[],"attachments":[],"parameters":[],"start":1733742674684,"stop":1733742674686},{"name":"When the user selects first number \"6\" and operator \"mul\" and second number \"2\"","status":"broken","statusDetails":{"known":false,"muted":false,"flaky":false,"message":"no such element: Unable to locate element: {\"method\":\"css selector\",\"selector\":\"#com\\.google\\.android\\.calculator\\:id\\/digit_6\"}\n  (Session info: chrome=131.0.6778.81)\nFor documentation on this error, please visit: https://selenium.dev/exceptions/#no_such_element\nBuild info: version: '4.6.0', revision: '79f1c02ae20'\nSystem info: os.name: 'Windows 10', os.arch: 'amd64', os.version: '10.0', java.version: '18.0.2.1'\nDriver info: io.appium.java_client.android.AndroidDriver\nCommand: [b0eaab2a-76b3-4f79-8a61-9854d2d05502, findElement {using=css selector, value=#com\\.google\\.android\\.calculator\\:id\\/digit_6}]\nCapabilities {appium:appActivity: com.google.android.apps.chr..., appium:appPackage: com.android.chrome, appium:automationName: UIautomator2, appium:chromedriverExecutable: C:\\Users\\arunm\\Downloads\\ch..., appium:databaseEnabled: false, appium:desired: {automationName: UIautomator2, browserName: Chrome, chromedriverExecutable: C:\\Users\\arunm\\Downloads\\ch..., deviceName: emulator-5554, platformName: android}, appium:deviceApiLevel: 35, appium:deviceManufacturer: Google, appium:deviceModel: sdk_gphone64_x86_64, appium:deviceName: emulator-5554, appium:deviceScreenDensity: 420, appium:deviceScreenSize: 1080x2400, appium:deviceUDID: emulator-5554, appium:javascriptEnabled: true, appium:locationContextEnabled: false, appium:networkConnectionEnabled: true, appium:pixelRatio: 2.625, appium:platformVersion: 15, appium:statBarHeight: 63, appium:takesScreenshot: true, appium:viewportRect: {height: 2337, left: 0, top: 63, width: 1080}, appium:warnings: {}, appium:webStorageEnabled: false, browserName: Chrome, platformName: ANDROID}\nSession ID: b0eaab2a-76b3-4f79-8a61-9854d2d05502","trace":"org.openqa.selenium.NoSuchElementException: no such element: Unable to locate element: {\"method\":\"css selector\",\"selector\":\"#com\\.google\\.android\\.calculator\\:id\\/digit_6\"}\n  (Session info: chrome=131.0.6778.81)\nFor documentation on this error, please visit: https://selenium.dev/exceptions/#no_such_element\nBuild info: version: '4.6.0', revision: '79f1c02ae20'\nSystem info: os.name: 'Windows 10', os.arch: 'amd64', os.version: '10.0', java.version: '18.0.2.1'\nDriver info: io.appium.java_client.android.AndroidDriver\nCommand: [b0eaab2a-76b3-4f79-8a61-9854d2d05502, findElement {using=css selector, value=#com\\.google\\.android\\.calculator\\:id\\/digit_6}]\nCapabilities {appium:appActivity: com.google.android.apps.chr..., appium:appPackage: com.android.chrome, appium:automationName: UIautomator2, appium:chromedriverExecutable: C:\\Users\\arunm\\Downloads\\ch..., appium:databaseEnabled: false, appium:desired: {automationName: UIautomator2, browserName: Chrome, chromedriverExecutable: C:\\Users\\arunm\\Downloads\\ch..., deviceName: emulator-5554, platformName: android}, appium:deviceApiLevel: 35, appium:deviceManufacturer: Google, appium:deviceModel: sdk_gphone64_x86_64, appium:deviceName: emulator-5554, appium:deviceScreenDensity: 420, appium:deviceScreenSize: 1080x2400, appium:deviceUDID: emulator-5554, appium:javascriptEnabled: true, appium:locationContextEnabled: false, appium:networkConnectionEnabled: true, appium:pixelRatio: 2.625, appium:platformVersion: 15, appium:statBarHeight: 63, appium:takesScreenshot: true, appium:viewportRect: {height: 2337, left: 0, top: 63, width: 1080}, appium:warnings: {}, appium:webStorageEnabled: false, browserName: Chrome, platformName: ANDROID}\nSession ID: b0eaab2a-76b3-4f79-8a61-9854d2d05502\r\n\tat java.base/jdk.internal.reflect.DirectConstructorHandleAccessor.newInstance(DirectConstructorHandleAccessor.java:67)\r\n\tat java.base/java.lang.reflect.Constructor.newInstanceWithCaller(Constructor.java:499)\r\n\tat java.base/java.lang.reflect.Constructor.newInstance(Constructor.java:483)\r\n\tat org.openqa.selenium.remote.codec.w3c.W3CHttpResponseCodec.createException(W3CHttpResponseCodec.java:200)\r\n\tat org.openqa.selenium.remote.codec.w3c.W3CHttpResponseCodec.decode(W3CHttpResponseCodec.java:133)\r\n\tat org.openqa.selenium.remote.codec.w3c.W3CHttpResponseCodec.decode(W3CHttpResponseCodec.java:53)\r\n\tat org.openqa.selenium.remote.HttpCommandExecutor.execute(HttpCommandExecutor.java:184)\r\n\tat io.appium.java_client.remote.AppiumCommandExecutor.execute(AppiumCommandExecutor.java:262)\r\n\tat org.openqa.selenium.remote.RemoteWebDriver.execute(RemoteWebDriver.java:541)\r\n\tat org.openqa.selenium.remote.ElementLocation$ElementFinder$2.findElement(ElementLocation.java:162)\r\n\tat org.openqa.selenium.remote.ElementLocation.findElement(ElementLocation.java:60)\r\n\tat org.openqa.selenium.remote.RemoteWebDriver.findElement(RemoteWebDriver.java:365)\r\n\tat org.openqa.selenium.remote.RemoteWebDriver.findElement(RemoteWebDriver.java:357)\r\n\tat org.openqa.selenium.By$PreW3CLocator.findElement(By.java:429)\r\n\tat org.openqa.selenium.By$ById.findElement(By.java:181)\r\n\tat org.openqa.selenium.remote.ElementLocation$ElementFinder$1.findElement(ElementLocation.java:136)\r\n\tat org.openqa.selenium.remote.ElementLocation.findElement(ElementLocation.java:80)\r\n\tat org.openqa.selenium.remote.RemoteWebDriver.findElement(RemoteWebDriver.java:365)\r\n\tat org.openqa.selenium.remote.RemoteWebDriver.findElement(RemoteWebDriver.java:357)\r\n\tat com.amazon.pageObjects.HomePage.clickNumbersButton(HomePage.java:98)\r\n\tat com.amazon.stepDefinitions.CalculateTwoNumbersSteps.userSelectsNumberAndOperator(CalculateTwoNumbersSteps.java:41)\r\n\tat ✽.the user selects first number \"6\" and operator \"mul\" and second number \"2\"(file:///C:/Users/arunm/eclipse-workspace/MobileBrowserAppTesting/src/test/resources/features/calculateTwoNumbersTest.feature:6)\r\n"},"stage":"finished","steps":[],"attachments":[],"parameters":[],"start":1733742674687,"stop":1733742684795},{"name":"And the user clicks on equals button","status":"skipped","statusDetails":{"known":false,"muted":false,"flaky":false},"stage":"finished","steps":[],"attachments":[],"parameters":[],"start":1733742684795,"stop":1733742684796},{"name":"Then the user should see the calculation result","status":"skipped","statusDetails":{"known":false,"muted":false,"flaky":false},"stage":"finished","steps":[],"attachments":[],"parameters":[],"start":1733742684796,"stop":1733742684796}],"attachments":[],"parameters":[{"name":"FirstNumber","value":"6"},{"name":"Operator","value":"mul"},{"name":"SecondNumber","value":"2"}],"start":1733742656002,"stop":1733742685844}