{"uuid":"51e7b586-e5ce-4ff8-b296-5c22aeae4ac4","historyId":"c0ccd26ef7087a381698c0e20a5cc58b","testCaseId":"1b5f1eae948e2c0d11f1be67fec6f502","fullName":"src/test/resources/features/searchSamsungAndAddProductToCart.feature:15","labels":[{"name":"host","value":"MAVBNG1121372"},{"name":"thread","value":"22740@MAVBNG1121372.main(1)"},{"name":"feature","value":"search samsung mobile and add product to cart"},{"name":"story","value":"search samsung product and add product to cart"},{"name":"suite","value":"search samsung mobile and add product to cart"},{"name":"testClass","value":"search samsung product and add product to cart"},{"name":"framework","value":"cucumber4jvm"},{"name":"language","value":"java"},{"name":"gherkin_uri","value":"file:///C:/Users/arunm/eclipse-workspace/MobileBrowserAppTesting/src/test/resources/features/searchSamsungAndAddProductToCart.feature"},{"name":"package","value":"src.test.resources.features.searchSamsungAndAddProductToCart_feature.search samsung mobile and add product to cart"}],"links":[],"name":"search samsung product and add product to cart","status":"broken","statusDetails":{"known":false,"muted":false,"flaky":false,"message":"no such element: Unable to locate element: {\"method\":\"xpath\",\"selector\":\"//span[text()='Quantity:']\"}\n  (Session info: chrome=131.0.6778.81)\nFor documentation on this error, please visit: https://selenium.dev/exceptions/#no_such_element\nBuild info: version: '4.6.0', revision: '79f1c02ae20'\nSystem info: os.name: 'Windows 10', os.arch: 'amd64', os.version: '10.0', java.version: '18.0.2.1'\nDriver info: io.appium.java_client.android.AndroidDriver\nCommand: [6156da33-8905-4e67-a90d-494d135780e7, findElement {using=xpath, value=//span[text()='Quantity:']}]\nCapabilities {appium:appActivity: com.google.android.apps.chr..., appium:appPackage: com.android.chrome, appium:automationName: UIautomator2, appium:chromedriverExecutable: C:\\Users\\arunm\\Downloads\\ch..., appium:databaseEnabled: false, appium:desired: {automationName: UIautomator2, browserName: Chrome, chromedriverExecutable: C:\\Users\\arunm\\Downloads\\ch..., deviceName: emulator-5554, platformName: android}, appium:deviceApiLevel: 35, appium:deviceManufacturer: Google, appium:deviceModel: sdk_gphone64_x86_64, appium:deviceName: emulator-5554, appium:deviceScreenDensity: 420, appium:deviceScreenSize: 1080x2400, appium:deviceUDID: emulator-5554, appium:javascriptEnabled: true, appium:locationContextEnabled: false, appium:networkConnectionEnabled: true, appium:pixelRatio: 2.625, appium:platformVersion: 15, appium:statBarHeight: 63, appium:takesScreenshot: true, appium:viewportRect: {height: 2337, left: 0, top: 63, width: 1080}, appium:warnings: {}, appium:webStorageEnabled: false, browserName: Chrome, platformName: ANDROID}\nSession ID: 6156da33-8905-4e67-a90d-494d135780e7","trace":"org.openqa.selenium.NoSuchElementException: no such element: Unable to locate element: {\"method\":\"xpath\",\"selector\":\"//span[text()='Quantity:']\"}\n  (Session info: chrome=131.0.6778.81)\nFor documentation on this error, please visit: https://selenium.dev/exceptions/#no_such_element\nBuild info: version: '4.6.0', revision: '79f1c02ae20'\nSystem info: os.name: 'Windows 10', os.arch: 'amd64', os.version: '10.0', java.version: '18.0.2.1'\nDriver info: io.appium.java_client.android.AndroidDriver\nCommand: [6156da33-8905-4e67-a90d-494d135780e7, findElement {using=xpath, value=//span[text()='Quantity:']}]\nCapabilities {appium:appActivity: com.google.android.apps.chr..., appium:appPackage: com.android.chrome, appium:automationName: UIautomator2, appium:chromedriverExecutable: C:\\Users\\arunm\\Downloads\\ch..., appium:databaseEnabled: false, appium:desired: {automationName: UIautomator2, browserName: Chrome, chromedriverExecutable: C:\\Users\\arunm\\Downloads\\ch..., deviceName: emulator-5554, platformName: android}, appium:deviceApiLevel: 35, appium:deviceManufacturer: Google, appium:deviceModel: sdk_gphone64_x86_64, appium:deviceName: emulator-5554, appium:deviceScreenDensity: 420, appium:deviceScreenSize: 1080x2400, appium:deviceUDID: emulator-5554, appium:javascriptEnabled: true, appium:locationContextEnabled: false, appium:networkConnectionEnabled: true, appium:pixelRatio: 2.625, appium:platformVersion: 15, appium:statBarHeight: 63, appium:takesScreenshot: true, appium:viewportRect: {height: 2337, left: 0, top: 63, width: 1080}, appium:warnings: {}, appium:webStorageEnabled: false, browserName: Chrome, platformName: ANDROID}\nSession ID: 6156da33-8905-4e67-a90d-494d135780e7\r\n\tat java.base/jdk.internal.reflect.DirectConstructorHandleAccessor.newInstance(DirectConstructorHandleAccessor.java:67)\r\n\tat java.base/java.lang.reflect.Constructor.newInstanceWithCaller(Constructor.java:499)\r\n\tat java.base/java.lang.reflect.Constructor.newInstance(Constructor.java:483)\r\n\tat org.openqa.selenium.remote.codec.w3c.W3CHttpResponseCodec.createException(W3CHttpResponseCodec.java:200)\r\n\tat org.openqa.selenium.remote.codec.w3c.W3CHttpResponseCodec.decode(W3CHttpResponseCodec.java:133)\r\n\tat org.openqa.selenium.remote.codec.w3c.W3CHttpResponseCodec.decode(W3CHttpResponseCodec.java:53)\r\n\tat org.openqa.selenium.remote.HttpCommandExecutor.execute(HttpCommandExecutor.java:184)\r\n\tat io.appium.java_client.remote.AppiumCommandExecutor.execute(AppiumCommandExecutor.java:262)\r\n\tat org.openqa.selenium.remote.RemoteWebDriver.execute(RemoteWebDriver.java:541)\r\n\tat org.openqa.selenium.remote.ElementLocation$ElementFinder$2.findElement(ElementLocation.java:162)\r\n\tat org.openqa.selenium.remote.ElementLocation.findElement(ElementLocation.java:60)\r\n\tat org.openqa.selenium.remote.RemoteWebDriver.findElement(RemoteWebDriver.java:365)\r\n\tat org.openqa.selenium.remote.RemoteWebDriver.findElement(RemoteWebDriver.java:357)\r\n\tat com.amazon.pageObjects.SamsungProductsPage.clickQuantityDropdown(SamsungProductsPage.java:35)\r\n\tat com.amazon.stepDefinitions.SearchSamsungAndAddProductToCart.userSelectsQuantity(SearchSamsungAndAddProductToCart.java:62)\r\n\tat ✽.the user selects the quantity \"<Quantity>\"(file:///C:/Users/arunm/eclipse-workspace/MobileBrowserAppTesting/src/test/resources/features/searchSamsungAndAddProductToCart.feature:9)\r\n"},"stage":"finished","steps":[{"name":"Given the user is on Amazon home page","status":"passed","statusDetails":{"known":false,"muted":false,"flaky":false},"stage":"finished","steps":[],"attachments":[],"parameters":[],"start":1734332581129,"stop":1734332581135},{"name":"When the user enters product name \"Samsung\" in search field","status":"passed","statusDetails":{"known":false,"muted":false,"flaky":false},"stage":"finished","steps":[],"attachments":[],"parameters":[],"start":1734332581135,"stop":1734332583033},{"name":"And the user clicks on search button","status":"passed","statusDetails":{"known":false,"muted":false,"flaky":false},"stage":"finished","steps":[],"attachments":[],"parameters":[],"start":1734332583033,"stop":1734332593979},{"name":"And the user selects the product","status":"passed","statusDetails":{"known":false,"muted":false,"flaky":false},"stage":"finished","steps":[],"attachments":[],"parameters":[],"start":1734332593979,"stop":1734332606635},{"name":"And the user selects the quantity \"<Quantity>\"","status":"broken","statusDetails":{"known":false,"muted":false,"flaky":false,"message":"no such element: Unable to locate element: {\"method\":\"xpath\",\"selector\":\"//span[text()='Quantity:']\"}\n  (Session info: chrome=131.0.6778.81)\nFor documentation on this error, please visit: https://selenium.dev/exceptions/#no_such_element\nBuild info: version: '4.6.0', revision: '79f1c02ae20'\nSystem info: os.name: 'Windows 10', os.arch: 'amd64', os.version: '10.0', java.version: '18.0.2.1'\nDriver info: io.appium.java_client.android.AndroidDriver\nCommand: [6156da33-8905-4e67-a90d-494d135780e7, findElement {using=xpath, value=//span[text()='Quantity:']}]\nCapabilities {appium:appActivity: com.google.android.apps.chr..., appium:appPackage: com.android.chrome, appium:automationName: UIautomator2, appium:chromedriverExecutable: C:\\Users\\arunm\\Downloads\\ch..., appium:databaseEnabled: false, appium:desired: {automationName: UIautomator2, browserName: Chrome, chromedriverExecutable: C:\\Users\\arunm\\Downloads\\ch..., deviceName: emulator-5554, platformName: android}, appium:deviceApiLevel: 35, appium:deviceManufacturer: Google, appium:deviceModel: sdk_gphone64_x86_64, appium:deviceName: emulator-5554, appium:deviceScreenDensity: 420, appium:deviceScreenSize: 1080x2400, appium:deviceUDID: emulator-5554, appium:javascriptEnabled: true, appium:locationContextEnabled: false, appium:networkConnectionEnabled: true, appium:pixelRatio: 2.625, appium:platformVersion: 15, appium:statBarHeight: 63, appium:takesScreenshot: true, appium:viewportRect: {height: 2337, left: 0, top: 63, width: 1080}, appium:warnings: {}, appium:webStorageEnabled: false, browserName: Chrome, platformName: ANDROID}\nSession ID: 6156da33-8905-4e67-a90d-494d135780e7","trace":"org.openqa.selenium.NoSuchElementException: no such element: Unable to locate element: {\"method\":\"xpath\",\"selector\":\"//span[text()='Quantity:']\"}\n  (Session info: chrome=131.0.6778.81)\nFor documentation on this error, please visit: https://selenium.dev/exceptions/#no_such_element\nBuild info: version: '4.6.0', revision: '79f1c02ae20'\nSystem info: os.name: 'Windows 10', os.arch: 'amd64', os.version: '10.0', java.version: '18.0.2.1'\nDriver info: io.appium.java_client.android.AndroidDriver\nCommand: [6156da33-8905-4e67-a90d-494d135780e7, findElement {using=xpath, value=//span[text()='Quantity:']}]\nCapabilities {appium:appActivity: com.google.android.apps.chr..., appium:appPackage: com.android.chrome, appium:automationName: UIautomator2, appium:chromedriverExecutable: C:\\Users\\arunm\\Downloads\\ch..., appium:databaseEnabled: false, appium:desired: {automationName: UIautomator2, browserName: Chrome, chromedriverExecutable: C:\\Users\\arunm\\Downloads\\ch..., deviceName: emulator-5554, platformName: android}, appium:deviceApiLevel: 35, appium:deviceManufacturer: Google, appium:deviceModel: sdk_gphone64_x86_64, appium:deviceName: emulator-5554, appium:deviceScreenDensity: 420, appium:deviceScreenSize: 1080x2400, appium:deviceUDID: emulator-5554, appium:javascriptEnabled: true, appium:locationContextEnabled: false, appium:networkConnectionEnabled: true, appium:pixelRatio: 2.625, appium:platformVersion: 15, appium:statBarHeight: 63, appium:takesScreenshot: true, appium:viewportRect: {height: 2337, left: 0, top: 63, width: 1080}, appium:warnings: {}, appium:webStorageEnabled: false, browserName: Chrome, platformName: ANDROID}\nSession ID: 6156da33-8905-4e67-a90d-494d135780e7\r\n\tat java.base/jdk.internal.reflect.DirectConstructorHandleAccessor.newInstance(DirectConstructorHandleAccessor.java:67)\r\n\tat java.base/java.lang.reflect.Constructor.newInstanceWithCaller(Constructor.java:499)\r\n\tat java.base/java.lang.reflect.Constructor.newInstance(Constructor.java:483)\r\n\tat org.openqa.selenium.remote.codec.w3c.W3CHttpResponseCodec.createException(W3CHttpResponseCodec.java:200)\r\n\tat org.openqa.selenium.remote.codec.w3c.W3CHttpResponseCodec.decode(W3CHttpResponseCodec.java:133)\r\n\tat org.openqa.selenium.remote.codec.w3c.W3CHttpResponseCodec.decode(W3CHttpResponseCodec.java:53)\r\n\tat org.openqa.selenium.remote.HttpCommandExecutor.execute(HttpCommandExecutor.java:184)\r\n\tat io.appium.java_client.remote.AppiumCommandExecutor.execute(AppiumCommandExecutor.java:262)\r\n\tat org.openqa.selenium.remote.RemoteWebDriver.execute(RemoteWebDriver.java:541)\r\n\tat org.openqa.selenium.remote.ElementLocation$ElementFinder$2.findElement(ElementLocation.java:162)\r\n\tat org.openqa.selenium.remote.ElementLocation.findElement(ElementLocation.java:60)\r\n\tat org.openqa.selenium.remote.RemoteWebDriver.findElement(RemoteWebDriver.java:365)\r\n\tat org.openqa.selenium.remote.RemoteWebDriver.findElement(RemoteWebDriver.java:357)\r\n\tat com.amazon.pageObjects.SamsungProductsPage.clickQuantityDropdown(SamsungProductsPage.java:35)\r\n\tat com.amazon.stepDefinitions.SearchSamsungAndAddProductToCart.userSelectsQuantity(SearchSamsungAndAddProductToCart.java:62)\r\n\tat ✽.the user selects the quantity \"<Quantity>\"(file:///C:/Users/arunm/eclipse-workspace/MobileBrowserAppTesting/src/test/resources/features/searchSamsungAndAddProductToCart.feature:9)\r\n"},"stage":"finished","steps":[],"attachments":[],"parameters":[],"start":1734332606635,"stop":1734332617011},{"name":"And the user clicks on Add To Cart button","status":"skipped","statusDetails":{"known":false,"muted":false,"flaky":false},"stage":"finished","steps":[],"attachments":[],"parameters":[],"start":1734332617013,"stop":1734332617014},{"name":"Then the product should be added in cart","status":"skipped","statusDetails":{"known":false,"muted":false,"flaky":false},"stage":"finished","steps":[],"attachments":[],"parameters":[],"start":1734332617014,"stop":1734332617015}],"attachments":[],"parameters":[{"name":"ProductName","value":"Samsung"}],"start":1734332559203,"stop":1734332618608}