{"uuid":"97fdaeb2-32cc-43a5-b499-52556e850fe3","historyId":"45e0edeab9943f206f175cae8569c975","testCaseId":"1b5f1eae948e2c0d11f1be67fec6f502","fullName":"src/test/resources/features/searchSamsungAndAddProductToCart.feature:14","labels":[{"name":"host","value":"MAVBNG1121372"},{"name":"thread","value":"24168@MAVBNG1121372.main(1)"},{"name":"feature","value":"search samsung mobile and add product to cart"},{"name":"story","value":"search samsung product and add product to cart"},{"name":"suite","value":"search samsung mobile and add product to cart"},{"name":"testClass","value":"search samsung product and add product to cart"},{"name":"framework","value":"cucumber4jvm"},{"name":"language","value":"java"},{"name":"gherkin_uri","value":"file:///C:/Users/arunm/eclipse-workspace/MobileBrowserAppTesting/src/test/resources/features/searchSamsungAndAddProductToCart.feature"},{"name":"package","value":"src.test.resources.features.searchSamsungAndAddProductToCart_feature.search samsung mobile and add product to cart"}],"links":[],"name":"search samsung product and add product to cart","status":"broken","statusDetails":{"known":false,"muted":false,"flaky":false,"message":"no such element: Unable to locate element: {\"method\":\"xpath\",\"selector\":\"//input[@title='Add to Shopping Cart' and @type='button']\"}\n  (Session info: chrome=131.0.6778.81)\nFor documentation on this error, please visit: https://selenium.dev/exceptions/#no_such_element\nBuild info: version: '4.6.0', revision: '79f1c02ae20'\nSystem info: os.name: 'Windows 10', os.arch: 'amd64', os.version: '10.0', java.version: '18.0.2.1'\nDriver info: io.appium.java_client.android.AndroidDriver\nCommand: [9e969fa6-21e9-4ba2-9bc2-472da90a68d5, findElement {using=xpath, value=//input[@title='Add to Shopping Cart' and @type='button']}]\nCapabilities {appium:appActivity: com.google.android.apps.chr..., appium:appPackage: com.android.chrome, appium:automationName: UIautomator2, appium:chromedriverExecutable: C:\\Users\\arunm\\Downloads\\ch..., appium:databaseEnabled: false, appium:desired: {automationName: UIautomator2, browserName: Chrome, chromedriverExecutable: C:\\Users\\arunm\\Downloads\\ch..., deviceName: emulator-5554, platformName: android}, appium:deviceApiLevel: 35, appium:deviceManufacturer: Google, appium:deviceModel: sdk_gphone64_x86_64, appium:deviceName: emulator-5554, appium:deviceScreenDensity: 420, appium:deviceScreenSize: 1080x2400, appium:deviceUDID: emulator-5554, appium:javascriptEnabled: true, appium:locationContextEnabled: false, appium:networkConnectionEnabled: true, appium:pixelRatio: 2.625, appium:platformVersion: 15, appium:statBarHeight: 63, appium:takesScreenshot: true, appium:viewportRect: {height: 2337, left: 0, top: 63, width: 1080}, appium:warnings: {}, appium:webStorageEnabled: false, browserName: Chrome, platformName: ANDROID}\nSession ID: 9e969fa6-21e9-4ba2-9bc2-472da90a68d5","trace":"org.openqa.selenium.NoSuchElementException: no such element: Unable to locate element: {\"method\":\"xpath\",\"selector\":\"//input[@title='Add to Shopping Cart' and @type='button']\"}\n  (Session info: chrome=131.0.6778.81)\nFor documentation on this error, please visit: https://selenium.dev/exceptions/#no_such_element\nBuild info: version: '4.6.0', revision: '79f1c02ae20'\nSystem info: os.name: 'Windows 10', os.arch: 'amd64', os.version: '10.0', java.version: '18.0.2.1'\nDriver info: io.appium.java_client.android.AndroidDriver\nCommand: [9e969fa6-21e9-4ba2-9bc2-472da90a68d5, findElement {using=xpath, value=//input[@title='Add to Shopping Cart' and @type='button']}]\nCapabilities {appium:appActivity: com.google.android.apps.chr..., appium:appPackage: com.android.chrome, appium:automationName: UIautomator2, appium:chromedriverExecutable: C:\\Users\\arunm\\Downloads\\ch..., appium:databaseEnabled: false, appium:desired: {automationName: UIautomator2, browserName: Chrome, chromedriverExecutable: C:\\Users\\arunm\\Downloads\\ch..., deviceName: emulator-5554, platformName: android}, appium:deviceApiLevel: 35, appium:deviceManufacturer: Google, appium:deviceModel: sdk_gphone64_x86_64, appium:deviceName: emulator-5554, appium:deviceScreenDensity: 420, appium:deviceScreenSize: 1080x2400, appium:deviceUDID: emulator-5554, appium:javascriptEnabled: true, appium:locationContextEnabled: false, appium:networkConnectionEnabled: true, appium:pixelRatio: 2.625, appium:platformVersion: 15, appium:statBarHeight: 63, appium:takesScreenshot: true, appium:viewportRect: {height: 2337, left: 0, top: 63, width: 1080}, appium:warnings: {}, appium:webStorageEnabled: false, browserName: Chrome, platformName: ANDROID}\nSession ID: 9e969fa6-21e9-4ba2-9bc2-472da90a68d5\r\n\tat java.base/jdk.internal.reflect.DirectConstructorHandleAccessor.newInstance(DirectConstructorHandleAccessor.java:67)\r\n\tat java.base/java.lang.reflect.Constructor.newInstanceWithCaller(Constructor.java:499)\r\n\tat java.base/java.lang.reflect.Constructor.newInstance(Constructor.java:483)\r\n\tat org.openqa.selenium.remote.codec.w3c.W3CHttpResponseCodec.createException(W3CHttpResponseCodec.java:200)\r\n\tat org.openqa.selenium.remote.codec.w3c.W3CHttpResponseCodec.decode(W3CHttpResponseCodec.java:133)\r\n\tat org.openqa.selenium.remote.codec.w3c.W3CHttpResponseCodec.decode(W3CHttpResponseCodec.java:53)\r\n\tat org.openqa.selenium.remote.HttpCommandExecutor.execute(HttpCommandExecutor.java:184)\r\n\tat io.appium.java_client.remote.AppiumCommandExecutor.execute(AppiumCommandExecutor.java:262)\r\n\tat org.openqa.selenium.remote.RemoteWebDriver.execute(RemoteWebDriver.java:541)\r\n\tat org.openqa.selenium.remote.ElementLocation$ElementFinder$2.findElement(ElementLocation.java:162)\r\n\tat org.openqa.selenium.remote.ElementLocation.findElement(ElementLocation.java:60)\r\n\tat org.openqa.selenium.remote.RemoteWebDriver.findElement(RemoteWebDriver.java:365)\r\n\tat org.openqa.selenium.remote.RemoteWebDriver.findElement(RemoteWebDriver.java:357)\r\n\tat com.amazon.pageObjects.SamsungProductsPage.clickAddToCartButton(SamsungProductsPage.java:21)\r\n\tat com.amazon.stepDefinitions.SearchSamsungAndAddProductToCart.userClicksOnAddToCartButton(SearchSamsungAndAddProductToCart.java:60)\r\n\tat ✽.the user clicks on Add To Cart button(file:///C:/Users/arunm/eclipse-workspace/MobileBrowserAppTesting/src/test/resources/features/searchSamsungAndAddProductToCart.feature:9)\r\n"},"stage":"finished","steps":[{"name":"Given the user is on Amazon home page","status":"passed","statusDetails":{"known":false,"muted":false,"flaky":false},"stage":"finished","steps":[],"attachments":[],"parameters":[],"start":1734312896929,"stop":1734312896945},{"name":"When the user enters product name \"Samsung\" in search field","status":"passed","statusDetails":{"known":false,"muted":false,"flaky":false},"stage":"finished","steps":[],"attachments":[],"parameters":[],"start":1734312896947,"stop":1734312901544},{"name":"And the user clicks on search button","status":"passed","statusDetails":{"known":false,"muted":false,"flaky":false},"stage":"finished","steps":[],"attachments":[],"parameters":[],"start":1734312901544,"stop":1734312914047},{"name":"And the user selects the product","status":"passed","statusDetails":{"known":false,"muted":false,"flaky":false},"stage":"finished","steps":[],"attachments":[],"parameters":[],"start":1734312914047,"stop":1734312915092},{"name":"And the user clicks on Add To Cart button","status":"broken","statusDetails":{"known":false,"muted":false,"flaky":false,"message":"no such element: Unable to locate element: {\"method\":\"xpath\",\"selector\":\"//input[@title='Add to Shopping Cart' and @type='button']\"}\n  (Session info: chrome=131.0.6778.81)\nFor documentation on this error, please visit: https://selenium.dev/exceptions/#no_such_element\nBuild info: version: '4.6.0', revision: '79f1c02ae20'\nSystem info: os.name: 'Windows 10', os.arch: 'amd64', os.version: '10.0', java.version: '18.0.2.1'\nDriver info: io.appium.java_client.android.AndroidDriver\nCommand: [9e969fa6-21e9-4ba2-9bc2-472da90a68d5, findElement {using=xpath, value=//input[@title='Add to Shopping Cart' and @type='button']}]\nCapabilities {appium:appActivity: com.google.android.apps.chr..., appium:appPackage: com.android.chrome, appium:automationName: UIautomator2, appium:chromedriverExecutable: C:\\Users\\arunm\\Downloads\\ch..., appium:databaseEnabled: false, appium:desired: {automationName: UIautomator2, browserName: Chrome, chromedriverExecutable: C:\\Users\\arunm\\Downloads\\ch..., deviceName: emulator-5554, platformName: android}, appium:deviceApiLevel: 35, appium:deviceManufacturer: Google, appium:deviceModel: sdk_gphone64_x86_64, appium:deviceName: emulator-5554, appium:deviceScreenDensity: 420, appium:deviceScreenSize: 1080x2400, appium:deviceUDID: emulator-5554, appium:javascriptEnabled: true, appium:locationContextEnabled: false, appium:networkConnectionEnabled: true, appium:pixelRatio: 2.625, appium:platformVersion: 15, appium:statBarHeight: 63, appium:takesScreenshot: true, appium:viewportRect: {height: 2337, left: 0, top: 63, width: 1080}, appium:warnings: {}, appium:webStorageEnabled: false, browserName: Chrome, platformName: ANDROID}\nSession ID: 9e969fa6-21e9-4ba2-9bc2-472da90a68d5","trace":"org.openqa.selenium.NoSuchElementException: no such element: Unable to locate element: {\"method\":\"xpath\",\"selector\":\"//input[@title='Add to Shopping Cart' and @type='button']\"}\n  (Session info: chrome=131.0.6778.81)\nFor documentation on this error, please visit: https://selenium.dev/exceptions/#no_such_element\nBuild info: version: '4.6.0', revision: '79f1c02ae20'\nSystem info: os.name: 'Windows 10', os.arch: 'amd64', os.version: '10.0', java.version: '18.0.2.1'\nDriver info: io.appium.java_client.android.AndroidDriver\nCommand: [9e969fa6-21e9-4ba2-9bc2-472da90a68d5, findElement {using=xpath, value=//input[@title='Add to Shopping Cart' and @type='button']}]\nCapabilities {appium:appActivity: com.google.android.apps.chr..., appium:appPackage: com.android.chrome, appium:automationName: UIautomator2, appium:chromedriverExecutable: C:\\Users\\arunm\\Downloads\\ch..., appium:databaseEnabled: false, appium:desired: {automationName: UIautomator2, browserName: Chrome, chromedriverExecutable: C:\\Users\\arunm\\Downloads\\ch..., deviceName: emulator-5554, platformName: android}, appium:deviceApiLevel: 35, appium:deviceManufacturer: Google, appium:deviceModel: sdk_gphone64_x86_64, appium:deviceName: emulator-5554, appium:deviceScreenDensity: 420, appium:deviceScreenSize: 1080x2400, appium:deviceUDID: emulator-5554, appium:javascriptEnabled: true, appium:locationContextEnabled: false, appium:networkConnectionEnabled: true, appium:pixelRatio: 2.625, appium:platformVersion: 15, appium:statBarHeight: 63, appium:takesScreenshot: true, appium:viewportRect: {height: 2337, left: 0, top: 63, width: 1080}, appium:warnings: {}, appium:webStorageEnabled: false, browserName: Chrome, platformName: ANDROID}\nSession ID: 9e969fa6-21e9-4ba2-9bc2-472da90a68d5\r\n\tat java.base/jdk.internal.reflect.DirectConstructorHandleAccessor.newInstance(DirectConstructorHandleAccessor.java:67)\r\n\tat java.base/java.lang.reflect.Constructor.newInstanceWithCaller(Constructor.java:499)\r\n\tat java.base/java.lang.reflect.Constructor.newInstance(Constructor.java:483)\r\n\tat org.openqa.selenium.remote.codec.w3c.W3CHttpResponseCodec.createException(W3CHttpResponseCodec.java:200)\r\n\tat org.openqa.selenium.remote.codec.w3c.W3CHttpResponseCodec.decode(W3CHttpResponseCodec.java:133)\r\n\tat org.openqa.selenium.remote.codec.w3c.W3CHttpResponseCodec.decode(W3CHttpResponseCodec.java:53)\r\n\tat org.openqa.selenium.remote.HttpCommandExecutor.execute(HttpCommandExecutor.java:184)\r\n\tat io.appium.java_client.remote.AppiumCommandExecutor.execute(AppiumCommandExecutor.java:262)\r\n\tat org.openqa.selenium.remote.RemoteWebDriver.execute(RemoteWebDriver.java:541)\r\n\tat org.openqa.selenium.remote.ElementLocation$ElementFinder$2.findElement(ElementLocation.java:162)\r\n\tat org.openqa.selenium.remote.ElementLocation.findElement(ElementLocation.java:60)\r\n\tat org.openqa.selenium.remote.RemoteWebDriver.findElement(RemoteWebDriver.java:365)\r\n\tat org.openqa.selenium.remote.RemoteWebDriver.findElement(RemoteWebDriver.java:357)\r\n\tat com.amazon.pageObjects.SamsungProductsPage.clickAddToCartButton(SamsungProductsPage.java:21)\r\n\tat com.amazon.stepDefinitions.SearchSamsungAndAddProductToCart.userClicksOnAddToCartButton(SearchSamsungAndAddProductToCart.java:60)\r\n\tat ✽.the user clicks on Add To Cart button(file:///C:/Users/arunm/eclipse-workspace/MobileBrowserAppTesting/src/test/resources/features/searchSamsungAndAddProductToCart.feature:9)\r\n"},"stage":"finished","steps":[],"attachments":[],"parameters":[],"start":1734312915092,"stop":1734312938692},{"name":"Then the user should be added in cart","status":"skipped","statusDetails":{"known":false,"muted":false,"flaky":false},"stage":"finished","steps":[],"attachments":[],"parameters":[],"start":1734312938693,"stop":1734312938693}],"attachments":[],"parameters":[{"name":"ProductName","value":"Samsung"}],"start":1734312869776,"stop":1734312940663}